<?xml version="1.0" encoding="UTF-8"?>
<!-- Generated by org.testng.reporters.JUnitReportReporter -->
<testsuite hostname="WIN-SCB9NH652H3" failures="0" tests="1" name="RoyalChallengersBangalore.RCB.ForeignPlayers" time="0.957" errors="0" timestamp="2022-09-15T14:53:54 IST" skipped="0">
  <testcase classname="RoyalChallengersBangalore.RCB.ForeignPlayers" name="getForeignPlayers" time="0.957"/>
  <system-out/>
</testsuite> <!-- RoyalChallengersBangalore.RCB.ForeignPlayers -->
