<?xml version="1.0" encoding="UTF-8"?>
<!-- Generated by org.testng.reporters.JUnitReportReporter -->
<testsuite hostname="WIN-SCB9NH652H3" failures="0" tests="2" name="RoyalChallengersBangalore.RCB.ForeignPlayers" time="1.819" errors="0" timestamp="2022-09-15T19:40:21 IST" skipped="0">
  <testcase classname="RoyalChallengersBangalore.RCB.ForeignPlayers" name="getWicketKeeper" time="1.621"/>
  <system-out/>
  <testcase classname="RoyalChallengersBangalore.RCB.ForeignPlayers" name="verifyForeignPlayerCountIsFour" time="0.198"/>
  <system-out/>
</testsuite> <!-- RoyalChallengersBangalore.RCB.ForeignPlayers -->
