<?xml version="1.0" encoding="UTF-8"?>
<!-- Generated by org.testng.reporters.JUnitReportReporter -->
<testsuite hostname="WIN-SCB9NH652H3" failures="0" tests="2" name="rcb.ForeignPlayers" time="1.831" errors="0" timestamp="2022-09-15T19:48:07 IST" skipped="0">
  <testcase classname="rcb.ForeignPlayers" name="getWicketKeeper" time="1.664"/>
  <system-out/>
  <testcase classname="rcb.ForeignPlayers" name="verifyForeignPlayerCountIsFour" time="0.167"/>
  <system-out/>
</testsuite> <!-- rcb.ForeignPlayers -->
