<?xml version="1.0" encoding="UTF-8"?>
<!-- Generated by org.testng.reporters.JUnitReportReporter -->
<testsuite hostname="WIN-SCB9NH652H3" failures="0" tests="2" name="rcb.RcbPlayersTest" time="1.032" errors="0" timestamp="2022-09-16T11:54:37 IST" skipped="0">
  <testcase classname="rcb.RcbPlayersTest" name="getWicketKeeper" time="0.924"/>
  <system-out/>
  <testcase classname="rcb.RcbPlayersTest" name="verifyForeignPlayerCountIsFour" time="0.108"/>
  <system-out/>
</testsuite> <!-- rcb.RcbPlayersTest -->
