<?xml version="1.0" encoding="UTF-8"?>
<!-- Generated by org.testng.reporters.JUnitReportReporter -->
<testsuite hostname="WIN-SCB9NH652H3" failures="0" tests="2" name="rcb.RcbPlayersTest" time="2.122" errors="0" timestamp="2022-09-15T19:55:52 IST" skipped="0">
  <testcase classname="rcb.RcbPlayersTest" name="getWicketKeeper" time="1.891"/>
  <system-out/>
  <testcase classname="rcb.RcbPlayersTest" name="verifyForeignPlayerCountIsFour" time="0.231"/>
  <system-out/>
</testsuite> <!-- rcb.RcbPlayersTest -->
